Validating found git in: git
Using git 2.25.1 from git
Opening repository for path='/home/zekebaldwin' failed; ex=Failed to execute git {
  "exitCode": 128,
  "gitErrorCode": "NotAGitRepository",
  "gitCommand": "rev-parse",
  "stdout": "",
  "stderr": "fatal: not a git repository (or any of the parent directories): .git\n"
}
Opening repository for path='/home/zekebaldwin/.bash_history' failed; ex=Error: spawn ENOTDIR
Opening repository for path='/home/zekebaldwin/.bash_logout' failed; ex=Error: spawn ENOTDIR
Opening repository for path='/home/zekebaldwin/.bashrc' failed; ex=Error: spawn ENOTDIR
Opening repository for path='/home/zekebaldwin/.landscape' failed; ex=Failed to execute git {
  "exitCode": 128,
  "gitErrorCode": "NotAGitRepository",
  "gitCommand": "rev-parse",
  "stdout": "",
  "stderr": "fatal: not a git repository (or any of the parent directories): .git\n"
}
Opening repository for path='/home/zekebaldwin/.motd_shown' failed; ex=Error: spawn ENOTDIR
Opening repository for path='/home/zekebaldwin/.profile' failed; ex=Error: spawn ENOTDIR
Opening repository for path='/home/zekebaldwin/.vscode-server' failed; ex=Failed to execute git {
  "exitCode": 128,
  "gitErrorCode": "NotAGitRepository",
  "gitCommand": "rev-parse",
  "stdout": "",
  "stderr": "fatal: not a git repository (or any of the parent directories): .git\n"
}
Opening repository for path='/home/zekebaldwin/.wget-hsts' failed; ex=Error: spawn ENOTDIR
Opening repository for path='/home/zekebaldwin' failed; ex=Failed to execute git {
  "exitCode": 128,
  "gitErrorCode": "NotAGitRepository",
  "gitCommand": "rev-parse",
  "stdout": "",
  "stderr": "fatal: not a git repository (or any of the parent directories): .git\n"
}
